生成启动时间为 2018/10/24 15:29:14。
     1>项目“H:\ProjectsOfVS2013\2013项目\goodFeaturesToTrack\goodFeaturesToTrack\goodFeaturesToTrack.vcxproj”在节点 2 上(Build 个目标)。
     1>C:\Program Files (x86)\MSBuild\Microsoft.Cpp\v4.0\V120\Microsoft.CppBuild.targets(388,5): warning MSB8028: The intermediate directory (Debug\) contains files shared from another project (goodFeaturesToTrack.vcxproj).  This can lead to incorrect clean and rebuild behavior.
     1>ClCompile:
         H:\VS2013\VC\bin\CL.exe /c /ZI /nologo /W3 /WX- /sdl /Od /Oy- /D WIN32 /D _DEBUG /D _CONSOLE /D _LIB /D _CRT_SECURE_NO_WARNINGS /D _UNICODE /D UNICODE /Gm /EHsc /RTC1 /MDd /GS /fp:precise /Zc:wchar_t /Zc:forScope /Yu"stdafx.h" /Fp"Debug\CamIPM.pch" /Fo"Debug\\" /Fd"Debug\vc120.pdb" /Gd /TP /analyze- /errorReport:prompt IPMSolver.cpp
         IPMSolver.cpp
     1>h:\projectsofvs2013\2013项目\goodfeaturestotrack\goodfeaturestotrack\ipmsolver.cpp(11): warning C4244: “=”: 从“double”转换到“float”，可能丢失数据
     1>h:\projectsofvs2013\2013项目\goodfeaturestotrack\goodfeaturestotrack\ipmsolver.cpp(12): warning C4244: “=”: 从“double”转换到“float”，可能丢失数据
     1>h:\projectsofvs2013\2013项目\goodfeaturestotrack\goodfeaturestotrack\ipmsolver.cpp(13): warning C4244: “=”: 从“double”转换到“float”，可能丢失数据
     1>h:\projectsofvs2013\2013项目\goodfeaturestotrack\goodfeaturestotrack\ipmsolver.cpp(14): warning C4244: “=”: 从“double”转换到“float”，可能丢失数据
     1>h:\projectsofvs2013\2013项目\goodfeaturestotrack\goodfeaturestotrack\ipmsolver.cpp(15): warning C4244: “=”: 从“double”转换到“float”，可能丢失数据
     1>h:\projectsofvs2013\2013项目\goodfeaturestotrack\goodfeaturestotrack\ipmsolver.cpp(26): warning C4244: “=”: 从“double”转换到“float”，可能丢失数据
     1>h:\projectsofvs2013\2013项目\goodfeaturestotrack\goodfeaturestotrack\ipmsolver.cpp(41): warning C4244: “参数”: 从“float”转换到“int”，可能丢失数据
     1>h:\projectsofvs2013\2013项目\goodfeaturestotrack\goodfeaturestotrack\ipmsolver.cpp(42): warning C4244: “参数”: 从“float”转换到“int”，可能丢失数据
     1>h:\projectsofvs2013\2013项目\goodfeaturestotrack\goodfeaturestotrack\ipmsolver.cpp(43): warning C4244: “参数”: 从“float”转换到“int”，可能丢失数据
     1>h:\projectsofvs2013\2013项目\goodfeaturestotrack\goodfeaturestotrack\ipmsolver.cpp(44): warning C4244: “参数”: 从“float”转换到“int”，可能丢失数据
     1>h:\projectsofvs2013\2013项目\goodfeaturestotrack\goodfeaturestotrack\ipmsolver.cpp(56): warning C4244: “=”: 从“double”转换到“float”，可能丢失数据
     1>h:\projectsofvs2013\2013项目\goodfeaturestotrack\goodfeaturestotrack\ipmsolver.cpp(57): warning C4244: “=”: 从“double”转换到“float”，可能丢失数据
     1>h:\projectsofvs2013\2013项目\goodfeaturestotrack\goodfeaturestotrack\ipmsolver.cpp(60): warning C4244: “=”: 从“double”转换到“float”，可能丢失数据
     1>h:\projectsofvs2013\2013项目\goodfeaturestotrack\goodfeaturestotrack\ipmsolver.cpp(61): warning C4244: “=”: 从“double”转换到“float”，可能丢失数据
     1>h:\projectsofvs2013\2013项目\goodfeaturestotrack\goodfeaturestotrack\ipmsolver.cpp(62): warning C4244: “=”: 从“double”转换到“float”，可能丢失数据
     1>h:\projectsofvs2013\2013项目\goodfeaturestotrack\goodfeaturestotrack\ipmsolver.cpp(81): warning C4244: “=”: 从“double”转换到“float”，可能丢失数据
     1>h:\projectsofvs2013\2013项目\goodfeaturestotrack\goodfeaturestotrack\ipmsolver.cpp(82): warning C4244: “=”: 从“double”转换到“float”，可能丢失数据
     1>h:\projectsofvs2013\2013项目\goodfeaturestotrack\goodfeaturestotrack\ipmsolver.cpp(83): warning C4244: “=”: 从“double”转换到“float”，可能丢失数据
     1>h:\projectsofvs2013\2013项目\goodfeaturestotrack\goodfeaturestotrack\ipmsolver.cpp(85): warning C4244: “=”: 从“double”转换到“float”，可能丢失数据
     1>h:\projectsofvs2013\2013项目\goodfeaturestotrack\goodfeaturestotrack\ipmsolver.cpp(86): warning C4244: “=”: 从“double”转换到“float”，可能丢失数据
     1>h:\projectsofvs2013\2013项目\goodfeaturestotrack\goodfeaturestotrack\ipmsolver.cpp(87): warning C4244: “=”: 从“double”转换到“float”，可能丢失数据
     1>h:\projectsofvs2013\2013项目\goodfeaturestotrack\goodfeaturestotrack\ipmsolver.cpp(90): warning C4244: “=”: 从“double”转换到“float”，可能丢失数据
     1>h:\projectsofvs2013\2013项目\goodfeaturestotrack\goodfeaturestotrack\ipmsolver.cpp(91): warning C4244: “=”: 从“double”转换到“float”，可能丢失数据
     1>h:\projectsofvs2013\2013项目\goodfeaturestotrack\goodfeaturestotrack\ipmsolver.cpp(94): warning C4244: “=”: 从“double”转换到“float”，可能丢失数据
     1>h:\projectsofvs2013\2013项目\goodfeaturestotrack\goodfeaturestotrack\ipmsolver.cpp(95): warning C4244: “=”: 从“double”转换到“float”，可能丢失数据
     1>h:\projectsofvs2013\2013项目\goodfeaturestotrack\goodfeaturestotrack\ipmsolver.cpp(125): warning C4244: “初始化”: 从“double”转换到“float”，可能丢失数据
     1>h:\projectsofvs2013\2013项目\goodfeaturestotrack\goodfeaturestotrack\ipmsolver.cpp(153): warning C4244: “=”: 从“float”转换到“uchar”，可能丢失数据
     1>h:\projectsofvs2013\2013项目\goodfeaturestotrack\goodfeaturestotrack\ipmsolver.cpp(184): warning C4018: “<”: 有符号/无符号不匹配
     1>h:\projectsofvs2013\2013项目\goodfeaturestotrack\goodfeaturestotrack\ipmsolver.cpp(228): warning C4244: “参数”: 从“double”转换到“float”，可能丢失数据
     1>h:\projectsofvs2013\2013项目\goodfeaturestotrack\goodfeaturestotrack\ipmsolver.cpp(259): warning C4715: “IPMSolver::getTrend”: 不是所有的控件路径都返回值
       Link:
         H:\VS2013\VC\bin\link.exe /ERRORREPORT:PROMPT /OUT:"H:\ProjectsOfVS2013\2013项目\goodFeaturesToTrack\Debug\CamIPM.exe" /INCREMENTAL /NOLOGO /LIBPATH:H:\opencv3.4.10\opencv\build\x64\vc15\lib opencv_calib3d2410d.lib opencv_contrib2410d.lib opencv_core2410d.lib opencv_features2d2410d.lib opencv_flann2410d.lib opencv_gpu2410d.lib opencv_highgui2410d.lib opencv_imgproc2410d.lib opencv_legacy2410d.lib opencv_ml2410d.lib opencv_nonfree2410d.lib opencv_objdetect2410d.lib opencv_ocl2410d.lib opencv_photo2410d.lib opencv_stitching2410d.lib opencv_superres2410d.lib opencv_video2410d.lib opencv_videostab2410d.lib kernel32.lib user32.lib gdi32.lib winspool.lib comdlg32.lib advapi32.lib shell32.lib ole32.lib oleaut32.lib uuid.lib odbc32.lib odbccp32.lib /MANIFEST /MANIFESTUAC:"level='asInvoker' uiAccess='false'" /manifest:embed /DEBUG /PDB:"H:\ProjectsOfVS2013\2013项目\goodFeaturesToTrack\Debug\CamIPM.pdb" /SUBSYSTEM:CONSOLE /TLBID:1 /DYNAMICBASE /NXCOMPAT /IMPLIB:"H:\ProjectsOfVS2013\2013项目\goodFeaturesToTrack\Debug\CamIPM.lib" /MACHINE:X86 Debug\Main.obj
         Debug\IPMSolver.obj
         Debug\PNPSolver.obj
         Debug\stdafx.obj
         Debug\SVSolver.obj
         goodFeaturesToTrack.vcxproj -> H:\ProjectsOfVS2013\2013项目\goodFeaturesToTrack\Debug\CamIPM.exe
     1>已完成生成项目“H:\ProjectsOfVS2013\2013项目\goodFeaturesToTrack\goodFeaturesToTrack\goodFeaturesToTrack.vcxproj”(Build 个目标)的操作。

生成成功。

已用时间 00:00:01.34
